<?xml version="1.0" encoding="UTF-8"?>
<!-- Generated by org.testng.reporters.JUnitXMLReporter -->
<testsuite hostname="DESKTOP-LLLGMOJ" ignored="2" name="testing" tests="3" failures="0" timestamp="2022-05-19T07:37:24 IST" time="0.068" errors="0">
  <testcase name="testCaseFour" time="0.01" classname="day22.testngadvxml.GroupExamples"/>
  <testcase name="testCaseOne" time="0.003" classname="day22.testngadvxml.GroupExamples"/>
  <testcase name="testCaseTwo" time="0.003" classname="day22.testngadvxml.GroupExamples"/>
  <testcase name="testCaseFive" time="0.0" classname="day22.testngadvxml.GroupExamples">
    <ignored/>
  </testcase> <!-- testCaseFive -->
  <testcase name="testCaseThree" time="0.0" classname="day22.testngadvxml.GroupExamples">
    <ignored/>
  </testcase> <!-- testCaseThree -->
</testsuite> <!-- testing -->
