<?xml version="1.0" encoding="UTF-8"?>
<!-- Generated by org.testng.reporters.JUnitXMLReporter -->
<testsuite hostname="DESKTOP-LLLGMOJ" name="UnitTestingTestSuite" tests="17" failures="0" timestamp="7 May 2022 03:24:59 GMT" time="38.335" errors="0">
  <testcase name="setData" time="0.01" classname="day22.testngadvxml.DataProviderExample"/>
  <testcase name="setData" time="0.003" classname="day22.testngadvxml.DataProviderExample"/>
  <testcase name="setData" time="0.002" classname="day22.testngadvxml.DataProviderExample"/>
  <testcase name="testLoginOfVtiger" time="11.882" classname="day22.testngadvxml.DataProviderExample"/>
  <testcase name="testLoginOfVtiger" time="7.731" classname="day22.testngadvxml.DataProviderExample"/>
  <testcase name="testLoginOfVtiger" time="6.688" classname="day22.testngadvxml.DataProviderExample"/>
  <testcase name="testCaseFive" time="0.002" classname="day22.testngadvxml.GroupExamples"/>
  <testcase name="testCaseFour" time="0.001" classname="day22.testngadvxml.GroupExamples"/>
  <testcase name="testCaseOne" time="0.001" classname="day22.testngadvxml.GroupExamples"/>
  <testcase name="testCaseThree" time="0.001" classname="day22.testngadvxml.GroupExamples"/>
  <testcase name="testCaseTwo" time="0.002" classname="day22.testngadvxml.GroupExamples"/>
  <testcase name="testCaseOne" time="3.657" classname="day22.testngadvxml.ParallelExecutionOfMethods"/>
  <testcase name="testCaseTwo" time="8.287" classname="day22.testngadvxml.ParallelExecutionOfMethods"/>
  <testcase name="testCaseOne" time="0.0" classname="day22.testngadvxml.Parameterization">
    <skipped/>
  </testcase> <!-- testCaseOne -->
  <testcase name="testCaseTwo" time="0.0" classname="day22.testngadvxml.Parameterization">
    <skipped/>
  </testcase> <!-- testCaseTwo -->
  <testcase name="testCaseThree" time="0.0" classname="day22.testngadvxml.Parameterization">
    <skipped/>
  </testcase> <!-- testCaseThree -->
  <testcase name="testLoginOfVtiger" time="0.0" classname="day22.testngadvxml.Parameterization">
    <skipped/>
  </testcase> <!-- testLoginOfVtiger -->
</testsuite> <!-- UnitTestingTestSuite -->
