<?xml version="1.0" encoding="UTF-8"?>
<testng-results skipped="0" failed="0" ignored="0" total="1" passed="1">
  <reporter-output>
  </reporter-output>
  <suite name="Default suite" duration-ms="43429" started-at="2022-05-24T07:42:56 IST" finished-at="2022-05-24T07:43:40 IST">
    <groups>
    </groups>
    <test name="Default test" duration-ms="43429" started-at="2022-05-24T07:42:56 IST" finished-at="2022-05-24T07:43:40 IST">
      <class name="day26.javascriptsamples.JavaScriptExampleScroll">
        <test-method status="PASS" signature="testLoginWithoutClick()[pri:0, instance:day26.javascriptsamples.JavaScriptExampleScroll@709ba3fb]" name="testLoginWithoutClick" duration-ms="43381" started-at="2022-05-24T07:42:56 IST" finished-at="2022-05-24T07:43:40 IST">
          <reporter-output>
          </reporter-output>
        </test-method> <!-- testLoginWithoutClick -->
      </class> <!-- day26.javascriptsamples.JavaScriptExampleScroll -->
    </test> <!-- Default test -->
  </suite> <!-- Default suite -->
</testng-results>
