<?xml version="1.0" encoding="UTF-8"?>
<!-- Generated by org.testng.reporters.JUnitXMLReporter -->
<testsuite hostname="DESKTOP-LLLGMOJ" ignored="0" name="RetryMulitple" tests="6" failures="2" timestamp="2022-05-20T07:30:03 IST" time="0.091" errors="0">
  <testcase name="Test1" time="0.011" classname="runTimeRetryfailedTc.Test001">
    <skipped/>
  </testcase> <!-- Test1 -->
  <testcase name="Test1" time="0.001" classname="runTimeRetryfailedTc.Test001">
    <skipped/>
  </testcase> <!-- Test1 -->
  <testcase name="Test1" time="0.002" classname="runTimeRetryfailedTc.Test001">
    <failure type="java.lang.AssertionError" message="expected [true] but found [false]">
      <![CDATA[java.lang.AssertionError: expected [true] but found [false]
at runTimeRetryfailedTc.Test001.Test1(Test001.java:11)
at java.util.ArrayList.forEach(Unknown Source)
... Removed 33 stack frames]]>
    </failure>
  </testcase> <!-- Test1 -->
  <testcase name="Test2" time="0.003" classname="runTimeRetryfailedTc.Test001">
    <skipped/>
  </testcase> <!-- Test2 -->
  <testcase name="Test2" time="0.003" classname="runTimeRetryfailedTc.Test001">
    <skipped/>
  </testcase> <!-- Test2 -->
  <testcase name="Test2" time="0.003" classname="runTimeRetryfailedTc.Test001">
    <failure type="java.lang.AssertionError" message="expected [true] but found [false]">
      <![CDATA[java.lang.AssertionError: expected [true] but found [false]
at runTimeRetryfailedTc.Test001.Test2(Test001.java:17)
at java.util.ArrayList.forEach(Unknown Source)
... Removed 33 stack frames]]>
    </failure>
  </testcase> <!-- Test2 -->
</testsuite> <!-- RetryMulitple -->
