<?xml version="1.0" encoding="UTF-8"?>
<!-- Generated by org.testng.reporters.JUnitXMLReporter -->
<testsuite hostname="DESKTOP-LLLGMOJ" ignored="0" name="Testing Parameterization" tests="4" failures="0" timestamp="2022-05-19T07:43:43 IST" time="63.962" errors="0">
  <testcase name="testCaseOne" time="0.01" classname="day22.testngadvxml.Parameterization"/>
  <testcase name="testCaseTwo" time="0.001" classname="day22.testngadvxml.Parameterization"/>
  <testcase name="testCaseThree" time="0.003" classname="day22.testngadvxml.Parameterization"/>
  <testcase name="testLoginOfVtiger" time="63.867" classname="day22.testngadvxml.Parameterization"/>
</testsuite> <!-- Testing Parameterization -->
