<?xml version="1.0" encoding="UTF-8"?>
<testng-results skipped="0" failed="0" ignored="0" total="2" passed="2">
  <reporter-output>
  </reporter-output>
  <suite name="Default suite" duration-ms="78" started-at="2022-05-02T20:51:45 IST" finished-at="2022-05-02T20:51:45 IST">
    <groups>
    </groups>
    <test name="Default test" duration-ms="78" started-at="2022-05-02T20:51:45 IST" finished-at="2022-05-02T20:51:45 IST">
      <class name="day11.testngsamples.Example_Annotations3">
        <test-method status="PASS" signature="openBrowser()[pri:0, instance:day11.testngsamples.Example_Annotations3@3043fe0e]" name="openBrowser" is-config="true" duration-ms="11" started-at="2022-05-02T20:51:45 IST" finished-at="2022-05-02T20:51:45 IST">
          <reporter-output>
          </reporter-output>
        </test-method> <!-- openBrowser -->
        <test-method status="PASS" signature="enterAppUrl()[pri:0, instance:day11.testngsamples.Example_Annotations3@3043fe0e]" name="enterAppUrl" is-config="true" duration-ms="1" started-at="2022-05-02T20:51:45 IST" finished-at="2022-05-02T20:51:45 IST">
          <reporter-output>
          </reporter-output>
        </test-method> <!-- enterAppUrl -->
        <test-method status="PASS" signature="verifyLogin()[pri:1, instance:day11.testngsamples.Example_Annotations3@3043fe0e]" name="verifyLogin" duration-ms="10" started-at="2022-05-02T20:51:45 IST" finished-at="2022-05-02T20:51:45 IST">
          <reporter-output>
          </reporter-output>
        </test-method> <!-- verifyLogin -->
        <test-method status="PASS" signature="logout()[pri:0, instance:day11.testngsamples.Example_Annotations3@3043fe0e]" name="logout" is-config="true" duration-ms="1" started-at="2022-05-02T20:51:45 IST" finished-at="2022-05-02T20:51:45 IST">
          <reporter-output>
          </reporter-output>
        </test-method> <!-- logout -->
        <test-method status="PASS" signature="enterAppUrl()[pri:0, instance:day11.testngsamples.Example_Annotations3@3043fe0e]" name="enterAppUrl" is-config="true" duration-ms="0" started-at="2022-05-02T20:51:45 IST" finished-at="2022-05-02T20:51:45 IST">
          <reporter-output>
          </reporter-output>
        </test-method> <!-- enterAppUrl -->
        <test-method status="PASS" signature="createTask()[pri:2, instance:day11.testngsamples.Example_Annotations3@3043fe0e]" name="createTask" duration-ms="2" started-at="2022-05-02T20:51:45 IST" finished-at="2022-05-02T20:51:45 IST">
          <reporter-output>
          </reporter-output>
        </test-method> <!-- createTask -->
        <test-method status="PASS" signature="logout()[pri:0, instance:day11.testngsamples.Example_Annotations3@3043fe0e]" name="logout" is-config="true" duration-ms="0" started-at="2022-05-02T20:51:45 IST" finished-at="2022-05-02T20:51:45 IST">
          <reporter-output>
          </reporter-output>
        </test-method> <!-- logout -->
        <test-method status="PASS" signature="closeBrowser()[pri:0, instance:day11.testngsamples.Example_Annotations3@3043fe0e]" name="closeBrowser" is-config="true" duration-ms="0" started-at="2022-05-02T20:51:45 IST" finished-at="2022-05-02T20:51:45 IST">
          <reporter-output>
          </reporter-output>
        </test-method> <!-- closeBrowser -->
      </class> <!-- day11.testngsamples.Example_Annotations3 -->
    </test> <!-- Default test -->
  </suite> <!-- Default suite -->
</testng-results>
